Build started 5/13/2015 7:08:08 PM.
     1>Project "C:\Users\Joseph\Documents\GitHub\WhistlerBikePark\WhistlerBikePark.vcxproj" on node 2 (Build target(s)).
     1>ClCompile:
         E:\Programs\Visual Studios 13\VC\bin\CL.exe /c /ZI /nologo /W3 /WX- /sdl /Od /Oy- /D WIN32 /D _DEBUG /D _CONSOLE /D _LIB /D _UNICODE /D UNICODE /Gm /EHsc /RTC1 /MDd /GS /fp:precise /Zc:wchar_t /Zc:forScope /Fo"Debug\\" /Fd"Debug\vc120.pdb" /Gd /TP /analyze- /errorReport:prompt BikePark.cpp
         BikePark.cpp
     1>c:\users\joseph\documents\github\whistlerbikepark\rider.h(32): warning C4150: deletion of pointer to incomplete type 'Bicycle'; no destructor called
                 c:\users\joseph\documents\github\whistlerbikepark\rider.h(4) : see declaration of 'Bicycle'
     1>c:\users\joseph\documents\github\whistlerbikepark\ambicycle.h(7): warning C4244: 'argument' : conversion from 'time_t' to 'unsigned int', possible loss of data
     1>c:\users\joseph\documents\github\whistlerbikepark\ambicycle.h(8): warning C4800: 'int' : forcing value to bool 'true' or 'false' (performance warning)
     1>c:\users\joseph\documents\github\whistlerbikepark\intermediaterider.h(42): warning C4018: '<' : signed/unsigned mismatch
     1>c:\users\joseph\documents\github\whistlerbikepark\intermediaterider.h(58): warning C4244: 'initializing' : conversion from 'double' to 'int', possible loss of data
     1>c:\users\joseph\documents\github\whistlerbikepark\intermediaterider.h(65): warning C4244: 'argument' : conversion from 'time_t' to 'unsigned int', possible loss of data
     1>c:\users\joseph\documents\github\whistlerbikepark\xcbicycle.h(7): warning C4244: 'argument' : conversion from 'time_t' to 'unsigned int', possible loss of data
     1>c:\users\joseph\documents\github\whistlerbikepark\xcbicycle.h(8): warning C4800: 'int' : forcing value to bool 'true' or 'false' (performance warning)
     1>c:\users\joseph\documents\github\whistlerbikepark\beginnerrider.h(40): warning C4018: '<' : signed/unsigned mismatch
     1>c:\users\joseph\documents\github\whistlerbikepark\beginnerrider.h(56): warning C4244: 'initializing' : conversion from 'double' to 'int', possible loss of data
     1>c:\users\joseph\documents\github\whistlerbikepark\beginnerrider.h(63): warning C4244: 'argument' : conversion from 'time_t' to 'unsigned int', possible loss of data
     1>c:\users\joseph\documents\github\whistlerbikepark\dhbicycle.h(7): warning C4244: 'argument' : conversion from 'time_t' to 'unsigned int', possible loss of data
     1>c:\users\joseph\documents\github\whistlerbikepark\dhbicycle.h(8): warning C4800: 'int' : forcing value to bool 'true' or 'false' (performance warning)
     1>c:\users\joseph\documents\github\whistlerbikepark\advancedrider.h(37): warning C4018: '<' : signed/unsigned mismatch
     1>c:\users\joseph\documents\github\whistlerbikepark\advancedrider.h(53): warning C4244: 'initializing' : conversion from 'double' to 'int', possible loss of data
     1>c:\users\joseph\documents\github\whistlerbikepark\advancedrider.h(60): warning C4244: 'argument' : conversion from 'time_t' to 'unsigned int', possible loss of data
     1>c:\users\joseph\documents\github\whistlerbikepark\trailhead.h(41): warning C4244: 'argument' : conversion from 'double' to 'int', possible loss of data
     1>c:\users\joseph\documents\github\whistlerbikepark\io.h(53): warning C4101: 'x' : unreferenced local variable
     1>c:\users\joseph\documents\github\whistlerbikepark\io.h(212): warning C4018: '<' : signed/unsigned mismatch
     1>c:\users\joseph\documents\github\whistlerbikepark\io.h(218): warning C4018: '<' : signed/unsigned mismatch
     1>c:\users\joseph\documents\github\whistlerbikepark\io.h(225): warning C4018: '<' : signed/unsigned mismatch
     1>c:\users\joseph\documents\github\whistlerbikepark\io.h(231): warning C4018: '<' : signed/unsigned mismatch
     1>c:\users\joseph\documents\github\whistlerbikepark\ridergenerator.h(36): warning C4244: 'argument' : conversion from 'time_t' to 'unsigned int', possible loss of data
     1>c:\users\joseph\documents\github\whistlerbikepark\ridergenerator.h(144): warning C4244: '+=' : conversion from 'double' to 'int', possible loss of data
     1>c:\users\joseph\documents\github\whistlerbikepark\ridergenerator.h(145): warning C4244: '+=' : conversion from 'double' to 'int', possible loss of data
     1>c:\users\joseph\documents\github\whistlerbikepark\ridergenerator.h(149): warning C4244: '+=' : conversion from 'double' to 'int', possible loss of data
     1>c:\users\joseph\documents\github\whistlerbikepark\ridergenerator.h(150): warning C4244: '+=' : conversion from 'double' to 'int', possible loss of data
     1>c:\users\joseph\documents\github\whistlerbikepark\ridergenerator.h(154): warning C4244: '+=' : conversion from 'double' to 'int', possible loss of data
     1>c:\users\joseph\documents\github\whistlerbikepark\ridergenerator.h(155): warning C4244: '+=' : conversion from 'double' to 'int', possible loss of data
     1>c:\users\joseph\documents\github\whistlerbikepark\simulator.h(164): warning C4018: '<' : signed/unsigned mismatch
     1>c:\users\joseph\documents\github\whistlerbikepark\ridergenerator.h(112): warning C4715: 'RiderGenerator::get_endurance' : not all control paths return a value
     1>c:\users\joseph\documents\github\whistlerbikepark\ridergenerator.h(122): warning C4715: 'RiderGenerator::get_skill_level' : not all control paths return a value
       Link:
         E:\Programs\Visual Studios 13\VC\bin\link.exe /ERRORREPORT:PROMPT /OUT:"C:\Users\Joseph\Documents\GitHub\WhistlerBikePark\Debug\WhistlerBikePark.exe" /INCREMENTAL /NOLOGO kernel32.lib user32.lib gdi32.lib winspool.lib comdlg32.lib advapi32.lib shell32.lib ole32.lib oleaut32.lib uuid.lib odbc32.lib odbccp32.lib /MANIFEST /MANIFESTUAC:"level='asInvoker' uiAccess='false'" /manifest:embed /DEBUG /PDB:"C:\Users\Joseph\Documents\GitHub\WhistlerBikePark\Debug\WhistlerBikePark.pdb" /SUBSYSTEM:CONSOLE /TLBID:1 /DYNAMICBASE /NXCOMPAT /IMPLIB:"C:\Users\Joseph\Documents\GitHub\WhistlerBikePark\Debug\WhistlerBikePark.lib" /MACHINE:X86 Debug\BikePark.obj
         Debug\ChairLift.obj
         WhistlerBikePark.vcxproj -> C:\Users\Joseph\Documents\GitHub\WhistlerBikePark\Debug\WhistlerBikePark.exe
     1>Done Building Project "C:\Users\Joseph\Documents\GitHub\WhistlerBikePark\WhistlerBikePark.vcxproj" (Build target(s)).

Build succeeded.

Time Elapsed 00:00:01.97
